

Started GET "/" for 127.0.0.1 at 2014-05-31 16:46:49 -0700
Processing by Rails::WelcomeController#index as HTML
  Rendered /home/jeph/.rvm/gems/ruby-2.1.1@dota2/gems/railties-4.1.1/lib/rails/templates/rails/welcome/index.html.erb (0.9ms)
Completed 200 OK in 16ms (Views: 3.7ms | ActiveRecord: 0.0ms)


Started GET "/" for 127.0.0.1 at 2014-05-31 17:42:14 -0700
Processing by Rails::WelcomeController#index as HTML
  Rendered /home/jeph/.rvm/gems/ruby-2.1.1@dota2/gems/railties-4.1.1/lib/rails/templates/rails/welcome/index.html.erb (0.9ms)
Completed 200 OK in 17ms (Views: 3.7ms | ActiveRecord: 0.0ms)


Started GET "/" for 127.0.0.1 at 2014-05-31 18:09:23 -0700
Processing by Rails::WelcomeController#index as HTML
  Rendered /home/jeph/.rvm/gems/ruby-2.1.1@dota2/gems/railties-4.1.1/lib/rails/templates/rails/welcome/index.html.erb (0.9ms)
Completed 200 OK in 16ms (Views: 3.6ms | ActiveRecord: 0.0ms)


Started GET "/players/" for 127.0.0.1 at 2014-05-31 18:09:27 -0700

ActionController::RoutingError (No route matches [GET] "/players"):
  actionpack (4.1.1) lib/action_dispatch/middleware/debug_exceptions.rb:21:in `call'
  actionpack (4.1.1) lib/action_dispatch/middleware/show_exceptions.rb:30:in `call'
  railties (4.1.1) lib/rails/rack/logger.rb:38:in `call_app'
  railties (4.1.1) lib/rails/rack/logger.rb:20:in `block in call'
  activesupport (4.1.1) lib/active_support/tagged_logging.rb:68:in `block in tagged'
  activesupport (4.1.1) lib/active_support/tagged_logging.rb:26:in `tagged'
  activesupport (4.1.1) lib/active_support/tagged_logging.rb:68:in `tagged'
  railties (4.1.1) lib/rails/rack/logger.rb:20:in `call'
  actionpack (4.1.1) lib/action_dispatch/middleware/request_id.rb:21:in `call'
  rack (1.5.2) lib/rack/methodoverride.rb:21:in `call'
  rack (1.5.2) lib/rack/runtime.rb:17:in `call'
  activesupport (4.1.1) lib/active_support/cache/strategy/local_cache_middleware.rb:26:in `call'
  rack (1.5.2) lib/rack/lock.rb:17:in `call'
  actionpack (4.1.1) lib/action_dispatch/middleware/static.rb:64:in `call'
  rack (1.5.2) lib/rack/sendfile.rb:112:in `call'
  railties (4.1.1) lib/rails/engine.rb:514:in `call'
  railties (4.1.1) lib/rails/application.rb:144:in `call'
  rack (1.5.2) lib/rack/lock.rb:17:in `call'
  rack (1.5.2) lib/rack/content_length.rb:14:in `call'
  rack (1.5.2) lib/rack/handler/webrick.rb:60:in `service'
  /home/jeph/.rvm/rubies/ruby-2.1.1/lib/ruby/2.1.0/webrick/httpserver.rb:138:in `service'
  /home/jeph/.rvm/rubies/ruby-2.1.1/lib/ruby/2.1.0/webrick/httpserver.rb:94:in `run'
  /home/jeph/.rvm/rubies/ruby-2.1.1/lib/ruby/2.1.0/webrick/server.rb:295:in `block in start_thread'


  Rendered /home/jeph/.rvm/gems/ruby-2.1.1@dota2/gems/actionpack-4.1.1/lib/action_dispatch/middleware/templates/rescues/_trace.html.erb (0.7ms)
  Rendered /home/jeph/.rvm/gems/ruby-2.1.1@dota2/gems/actionpack-4.1.1/lib/action_dispatch/middleware/templates/routes/_route.html.erb (0.7ms)
  Rendered /home/jeph/.rvm/gems/ruby-2.1.1@dota2/gems/actionpack-4.1.1/lib/action_dispatch/middleware/templates/routes/_table.html.erb (3.7ms)
  Rendered /home/jeph/.rvm/gems/ruby-2.1.1@dota2/gems/actionpack-4.1.1/lib/action_dispatch/middleware/templates/rescues/routing_error.html.erb within rescues/layout (14.7ms)


Started GET "/player/5" for 127.0.0.1 at 2014-05-31 18:09:33 -0700
Processing by PlayerController#overview as HTML
  Parameters: {"player_id"=>"5"}
  Rendered player/overview.html.erb within layouts/application (0.2ms)
Completed 200 OK in 722ms (Views: 722.0ms | ActiveRecord: 0.0ms)


Started GET "/assets/matches.css?body=1" for 127.0.0.1 at 2014-05-31 18:09:33 -0700


Started GET "/assets/player.css?body=1" for 127.0.0.1 at 2014-05-31 18:09:33 -0700


Started GET "/assets/application.css?body=1" for 127.0.0.1 at 2014-05-31 18:09:33 -0700


Started GET "/assets/jquery.js?body=1" for 127.0.0.1 at 2014-05-31 18:09:33 -0700


Started GET "/assets/jquery_ujs.js?body=1" for 127.0.0.1 at 2014-05-31 18:09:33 -0700


Started GET "/assets/turbolinks.js?body=1" for 127.0.0.1 at 2014-05-31 18:09:33 -0700


Started GET "/assets/matches.js?body=1" for 127.0.0.1 at 2014-05-31 18:09:33 -0700


Started GET "/assets/player.js?body=1" for 127.0.0.1 at 2014-05-31 18:09:33 -0700


Started GET "/assets/application.js?body=1" for 127.0.0.1 at 2014-05-31 18:09:33 -0700


Started GET "/player/5" for 127.0.0.1 at 2014-05-31 18:11:17 -0700
Processing by PlayerController#overview as HTML
  Parameters: {"player_id"=>"5"}
Completed 500 Internal Server Error in 13ms

NoMethodError (undefined method `matches' for Dota:Module):
  app/controllers/player_controller.rb:5:in `overview'


  Rendered /home/jeph/.rvm/gems/ruby-2.1.1@dota2/gems/actionpack-4.1.1/lib/action_dispatch/middleware/templates/rescues/_source.erb (0.4ms)
  Rendered /home/jeph/.rvm/gems/ruby-2.1.1@dota2/gems/actionpack-4.1.1/lib/action_dispatch/middleware/templates/rescues/_trace.html.erb (0.7ms)
  Rendered /home/jeph/.rvm/gems/ruby-2.1.1@dota2/gems/actionpack-4.1.1/lib/action_dispatch/middleware/templates/rescues/_request_and_response.html.erb (0.6ms)
  Rendered /home/jeph/.rvm/gems/ruby-2.1.1@dota2/gems/actionpack-4.1.1/lib/action_dispatch/middleware/templates/rescues/diagnostics.erb within rescues/layout (9.5ms)


Started GET "/player/5" for 127.0.0.1 at 2014-05-31 18:11:36 -0700
Processing by PlayerController#overview as HTML
  Parameters: {"player_id"=>"5"}
Completed 500 Internal Server Error in 1ms

NoMethodError (undefined method `matches' for Dota:Module):
  app/controllers/player_controller.rb:6:in `overview'


  Rendered /home/jeph/.rvm/gems/ruby-2.1.1@dota2/gems/actionpack-4.1.1/lib/action_dispatch/middleware/templates/rescues/_source.erb (0.4ms)
  Rendered /home/jeph/.rvm/gems/ruby-2.1.1@dota2/gems/actionpack-4.1.1/lib/action_dispatch/middleware/templates/rescues/_trace.html.erb (0.7ms)
  Rendered /home/jeph/.rvm/gems/ruby-2.1.1@dota2/gems/actionpack-4.1.1/lib/action_dispatch/middleware/templates/rescues/_request_and_response.html.erb (0.6ms)
  Rendered /home/jeph/.rvm/gems/ruby-2.1.1@dota2/gems/actionpack-4.1.1/lib/action_dispatch/middleware/templates/rescues/diagnostics.erb within rescues/layout (8.8ms)


Started GET "/player/5" for 127.0.0.1 at 2014-05-31 18:12:55 -0700
Processing by PlayerController#overview as HTML
  Parameters: {"player_id"=>"5"}
Completed 500 Internal Server Error in 0ms

NoMethodError (undefined method `matches' for Dota:Module):
  app/controllers/player_controller.rb:7:in `overview'


  Rendered /home/jeph/.rvm/gems/ruby-2.1.1@dota2/gems/actionpack-4.1.1/lib/action_dispatch/middleware/templates/rescues/_source.erb (0.4ms)
  Rendered /home/jeph/.rvm/gems/ruby-2.1.1@dota2/gems/actionpack-4.1.1/lib/action_dispatch/middleware/templates/rescues/_trace.html.erb (0.7ms)
  Rendered /home/jeph/.rvm/gems/ruby-2.1.1@dota2/gems/actionpack-4.1.1/lib/action_dispatch/middleware/templates/rescues/_request_and_response.html.erb (0.6ms)
  Rendered /home/jeph/.rvm/gems/ruby-2.1.1@dota2/gems/actionpack-4.1.1/lib/action_dispatch/middleware/templates/rescues/diagnostics.erb within rescues/layout (8.6ms)


Started GET "/player/5" for 127.0.0.1 at 2014-05-31 18:13:15 -0700
Processing by PlayerController#overview as HTML
  Parameters: {"player_id"=>"5"}
Completed 500 Internal Server Error in 176ms

Faraday::Error::ParsingError (757: unexpected token at '<html>
<head>
<title>401 Unauthorized</title>
</head>
<body>
<h1>Unauthorized</h1>
</body>
</html>'):
  app/controllers/player_controller.rb:7:in `overview'


  Rendered /home/jeph/.rvm/gems/ruby-2.1.1@dota2/gems/actionpack-4.1.1/lib/action_dispatch/middleware/templates/rescues/_source.erb (0.4ms)
  Rendered /home/jeph/.rvm/gems/ruby-2.1.1@dota2/gems/actionpack-4.1.1/lib/action_dispatch/middleware/templates/rescues/_trace.html.erb (1.1ms)
  Rendered /home/jeph/.rvm/gems/ruby-2.1.1@dota2/gems/actionpack-4.1.1/lib/action_dispatch/middleware/templates/rescues/_request_and_response.html.erb (0.7ms)
  Rendered /home/jeph/.rvm/gems/ruby-2.1.1@dota2/gems/actionpack-4.1.1/lib/action_dispatch/middleware/templates/rescues/diagnostics.erb within rescues/layout (9.8ms)


Started GET "/player/5" for 127.0.0.1 at 2014-05-31 18:14:11 -0700
Processing by PlayerController#overview as HTML
  Parameters: {"player_id"=>"5"}
Completed 500 Internal Server Error in 208ms

Faraday::Error::ParsingError (757: unexpected token at '<html>
<head>
<title>401 Unauthorized</title>
</head>
<body>
<h1>Unauthorized</h1>
</body>
</html>'):
  app/controllers/player_controller.rb:5:in `overview'


  Rendered /home/jeph/.rvm/gems/ruby-2.1.1@dota2/gems/actionpack-4.1.1/lib/action_dispatch/middleware/templates/rescues/_source.erb (0.4ms)
  Rendered /home/jeph/.rvm/gems/ruby-2.1.1@dota2/gems/actionpack-4.1.1/lib/action_dispatch/middleware/templates/rescues/_trace.html.erb (1.0ms)
  Rendered /home/jeph/.rvm/gems/ruby-2.1.1@dota2/gems/actionpack-4.1.1/lib/action_dispatch/middleware/templates/rescues/_request_and_response.html.erb (0.6ms)
  Rendered /home/jeph/.rvm/gems/ruby-2.1.1@dota2/gems/actionpack-4.1.1/lib/action_dispatch/middleware/templates/rescues/diagnostics.erb within rescues/layout (9.4ms)


Started GET "/player/5" for 127.0.0.1 at 2014-05-31 18:15:16 -0700
Processing by PlayerController#overview as HTML
  Parameters: {"player_id"=>"5"}
Completed 500 Internal Server Error in 198ms

Faraday::Error::ParsingError (757: unexpected token at '<html>
<head>
<title>401 Unauthorized</title>
</head>
<body>
<h1>Unauthorized</h1>
</body>
</html>'):
  app/controllers/player_controller.rb:5:in `overview'


  Rendered /home/jeph/.rvm/gems/ruby-2.1.1@dota2/gems/actionpack-4.1.1/lib/action_dispatch/middleware/templates/rescues/_source.erb (0.6ms)
  Rendered /home/jeph/.rvm/gems/ruby-2.1.1@dota2/gems/actionpack-4.1.1/lib/action_dispatch/middleware/templates/rescues/_trace.html.erb (1.0ms)
  Rendered /home/jeph/.rvm/gems/ruby-2.1.1@dota2/gems/actionpack-4.1.1/lib/action_dispatch/middleware/templates/rescues/_request_and_response.html.erb (0.7ms)
  Rendered /home/jeph/.rvm/gems/ruby-2.1.1@dota2/gems/actionpack-4.1.1/lib/action_dispatch/middleware/templates/rescues/diagnostics.erb within rescues/layout (9.8ms)


Started GET "/player/5" for 127.0.0.1 at 2014-05-31 18:15:59 -0700
Processing by PlayerController#overview as HTML
  Parameters: {"player_id"=>"5"}
Completed 500 Internal Server Error in 173ms

Faraday::Error::ParsingError (757: unexpected token at '<html>
<head>
<title>401 Unauthorized</title>
</head>
<body>
<h1>Unauthorized</h1>
</body>
</html>'):
  app/controllers/player_controller.rb:5:in `overview'


  Rendered /home/jeph/.rvm/gems/ruby-2.1.1@dota2/gems/actionpack-4.1.1/lib/action_dispatch/middleware/templates/rescues/_source.erb (0.4ms)
  Rendered /home/jeph/.rvm/gems/ruby-2.1.1@dota2/gems/actionpack-4.1.1/lib/action_dispatch/middleware/templates/rescues/_trace.html.erb (0.9ms)
  Rendered /home/jeph/.rvm/gems/ruby-2.1.1@dota2/gems/actionpack-4.1.1/lib/action_dispatch/middleware/templates/rescues/_request_and_response.html.erb (0.6ms)
  Rendered /home/jeph/.rvm/gems/ruby-2.1.1@dota2/gems/actionpack-4.1.1/lib/action_dispatch/middleware/templates/rescues/diagnostics.erb within rescues/layout (9.2ms)


Started GET "/player/5" for 127.0.0.1 at 2014-05-31 18:16:25 -0700
Processing by PlayerController#overview as HTML
  Parameters: {"player_id"=>"5"}
Completed 500 Internal Server Error in 198ms

Faraday::Error::ParsingError (757: unexpected token at '<html>
<head>
<title>401 Unauthorized</title>
</head>
<body>
<h1>Unauthorized</h1>
</body>
</html>'):
  app/controllers/player_controller.rb:7:in `overview'


  Rendered /home/jeph/.rvm/gems/ruby-2.1.1@dota2/gems/actionpack-4.1.1/lib/action_dispatch/middleware/templates/rescues/_source.erb (0.5ms)
  Rendered /home/jeph/.rvm/gems/ruby-2.1.1@dota2/gems/actionpack-4.1.1/lib/action_dispatch/middleware/templates/rescues/_trace.html.erb (0.8ms)
  Rendered /home/jeph/.rvm/gems/ruby-2.1.1@dota2/gems/actionpack-4.1.1/lib/action_dispatch/middleware/templates/rescues/_request_and_response.html.erb (0.6ms)
  Rendered /home/jeph/.rvm/gems/ruby-2.1.1@dota2/gems/actionpack-4.1.1/lib/action_dispatch/middleware/templates/rescues/diagnostics.erb within rescues/layout (9.4ms)


Started GET "/player/5" for 127.0.0.1 at 2014-05-31 18:16:50 -0700
Processing by PlayerController#overview as HTML
  Parameters: {"player_id"=>"5"}
Completed 500 Internal Server Error in 187ms

Faraday::Error::ParsingError (757: unexpected token at '<html>
<head>
<title>401 Unauthorized</title>
</head>
<body>
<h1>Unauthorized</h1>
</body>
</html>'):
  app/controllers/player_controller.rb:7:in `overview'


  Rendered /home/jeph/.rvm/gems/ruby-2.1.1@dota2/gems/actionpack-4.1.1/lib/action_dispatch/middleware/templates/rescues/_source.erb (0.4ms)
  Rendered /home/jeph/.rvm/gems/ruby-2.1.1@dota2/gems/actionpack-4.1.1/lib/action_dispatch/middleware/templates/rescues/_trace.html.erb (1.1ms)
  Rendered /home/jeph/.rvm/gems/ruby-2.1.1@dota2/gems/actionpack-4.1.1/lib/action_dispatch/middleware/templates/rescues/_request_and_response.html.erb (0.7ms)
  Rendered /home/jeph/.rvm/gems/ruby-2.1.1@dota2/gems/actionpack-4.1.1/lib/action_dispatch/middleware/templates/rescues/diagnostics.erb within rescues/layout (9.9ms)


Started GET "/player/5" for 127.0.0.1 at 2014-05-31 18:17:08 -0700
Processing by PlayerController#overview as HTML
  Parameters: {"player_id"=>"5"}
Completed 500 Internal Server Error in 165ms

Faraday::Error::ParsingError (757: unexpected token at '<html>
<head>
<title>401 Unauthorized</title>
</head>
<body>
<h1>Unauthorized</h1>
</body>
</html>'):
  app/controllers/player_controller.rb:5:in `overview'


  Rendered /home/jeph/.rvm/gems/ruby-2.1.1@dota2/gems/actionpack-4.1.1/lib/action_dispatch/middleware/templates/rescues/_source.erb (0.5ms)
  Rendered /home/jeph/.rvm/gems/ruby-2.1.1@dota2/gems/actionpack-4.1.1/lib/action_dispatch/middleware/templates/rescues/_trace.html.erb (1.0ms)
  Rendered /home/jeph/.rvm/gems/ruby-2.1.1@dota2/gems/actionpack-4.1.1/lib/action_dispatch/middleware/templates/rescues/_request_and_response.html.erb (0.7ms)
  Rendered /home/jeph/.rvm/gems/ruby-2.1.1@dota2/gems/actionpack-4.1.1/lib/action_dispatch/middleware/templates/rescues/diagnostics.erb within rescues/layout (9.3ms)


Started GET "/player/5" for 127.0.0.1 at 2014-05-31 18:17:10 -0700
Processing by PlayerController#overview as HTML
  Parameters: {"player_id"=>"5"}
Completed 500 Internal Server Error in 184ms

Faraday::Error::ParsingError (757: unexpected token at '<html>
<head>
<title>401 Unauthorized</title>
</head>
<body>
<h1>Unauthorized</h1>
</body>
</html>'):
  app/controllers/player_controller.rb:5:in `overview'


  Rendered /home/jeph/.rvm/gems/ruby-2.1.1@dota2/gems/actionpack-4.1.1/lib/action_dispatch/middleware/templates/rescues/_source.erb (0.4ms)
  Rendered /home/jeph/.rvm/gems/ruby-2.1.1@dota2/gems/actionpack-4.1.1/lib/action_dispatch/middleware/templates/rescues/_trace.html.erb (0.8ms)
  Rendered /home/jeph/.rvm/gems/ruby-2.1.1@dota2/gems/actionpack-4.1.1/lib/action_dispatch/middleware/templates/rescues/_request_and_response.html.erb (0.9ms)
  Rendered /home/jeph/.rvm/gems/ruby-2.1.1@dota2/gems/actionpack-4.1.1/lib/action_dispatch/middleware/templates/rescues/diagnostics.erb within rescues/layout (9.5ms)


Started GET "/player/5" for 127.0.0.1 at 2014-05-31 18:21:24 -0700
Processing by PlayerController#overview as HTML
  Parameters: {"player_id"=>"5"}
Completed 500 Internal Server Error in 193ms

Faraday::Error::ParsingError (757: unexpected token at '<html>
<head>
<title>401 Unauthorized</title>
</head>
<body>
<h1>Unauthorized</h1>
</body>
</html>'):
  app/controllers/player_controller.rb:5:in `overview'


  Rendered /home/jeph/.rvm/gems/ruby-2.1.1@dota2/gems/actionpack-4.1.1/lib/action_dispatch/middleware/templates/rescues/_source.erb (0.4ms)
  Rendered /home/jeph/.rvm/gems/ruby-2.1.1@dota2/gems/actionpack-4.1.1/lib/action_dispatch/middleware/templates/rescues/_trace.html.erb (0.8ms)
  Rendered /home/jeph/.rvm/gems/ruby-2.1.1@dota2/gems/actionpack-4.1.1/lib/action_dispatch/middleware/templates/rescues/_request_and_response.html.erb (0.7ms)
  Rendered /home/jeph/.rvm/gems/ruby-2.1.1@dota2/gems/actionpack-4.1.1/lib/action_dispatch/middleware/templates/rescues/diagnostics.erb within rescues/layout (9.7ms)


Started GET "/player/5" for 127.0.0.1 at 2014-05-31 18:21:43 -0700
Processing by PlayerController#overview as HTML
  Parameters: {"player_id"=>"5"}
  Rendered player/overview.html.erb within layouts/application (1.9ms)
Completed 500 Internal Server Error in 310ms

ActionView::Template::Error (undefined method `each' for #<Dota::History:0x50ca620>):
    1: <h1>Player#overview</h1>
    2: <p>Find me in app/views/player/overview.html.erb</p>
    3: <%= @matches.each do |match| %>
    4:     <p>helloM</p>
    5: <% end %>
  app/views/player/overview.html.erb:3:in `_app_views_player_overview_html_erb___1672978893466274112_42298400'


  Rendered /home/jeph/.rvm/gems/ruby-2.1.1@dota2/gems/actionpack-4.1.1/lib/action_dispatch/middleware/templates/rescues/_trace.html.erb (1.2ms)
  Rendered /home/jeph/.rvm/gems/ruby-2.1.1@dota2/gems/actionpack-4.1.1/lib/action_dispatch/middleware/templates/rescues/_request_and_response.html.erb (0.7ms)
  Rendered /home/jeph/.rvm/gems/ruby-2.1.1@dota2/gems/actionpack-4.1.1/lib/action_dispatch/middleware/templates/rescues/template_error.html.erb within rescues/layout (7.3ms)


Started GET "/player/5" for 127.0.0.1 at 2014-05-31 18:27:22 -0700
Processing by PlayerController#overview as HTML
  Parameters: {"player_id"=>"5"}
Completed 500 Internal Server Error in 315ms

NoMethodError (undefined method `map' for nil:NilClass):
  app/controllers/player_controller.rb:5:in `overview'


  Rendered /home/jeph/.rvm/gems/ruby-2.1.1@dota2/gems/actionpack-4.1.1/lib/action_dispatch/middleware/templates/rescues/_source.erb (0.5ms)
  Rendered /home/jeph/.rvm/gems/ruby-2.1.1@dota2/gems/actionpack-4.1.1/lib/action_dispatch/middleware/templates/rescues/_trace.html.erb (0.9ms)
  Rendered /home/jeph/.rvm/gems/ruby-2.1.1@dota2/gems/actionpack-4.1.1/lib/action_dispatch/middleware/templates/rescues/_request_and_response.html.erb (0.8ms)
  Rendered /home/jeph/.rvm/gems/ruby-2.1.1@dota2/gems/actionpack-4.1.1/lib/action_dispatch/middleware/templates/rescues/diagnostics.erb within rescues/layout (10.3ms)


Started GET "/player/5" for 127.0.0.1 at 2014-05-31 18:28:38 -0700
Processing by PlayerController#overview as HTML
  Parameters: {"player_id"=>"5"}
Completed 500 Internal Server Error in 286ms

NoMethodError (undefined method `map' for nil:NilClass):
  app/controllers/player_controller.rb:5:in `overview'


  Rendered /home/jeph/.rvm/gems/ruby-2.1.1@dota2/gems/actionpack-4.1.1/lib/action_dispatch/middleware/templates/rescues/_source.erb (0.5ms)
  Rendered /home/jeph/.rvm/gems/ruby-2.1.1@dota2/gems/actionpack-4.1.1/lib/action_dispatch/middleware/templates/rescues/_trace.html.erb (0.9ms)
  Rendered /home/jeph/.rvm/gems/ruby-2.1.1@dota2/gems/actionpack-4.1.1/lib/action_dispatch/middleware/templates/rescues/_request_and_response.html.erb (0.7ms)
  Rendered /home/jeph/.rvm/gems/ruby-2.1.1@dota2/gems/actionpack-4.1.1/lib/action_dispatch/middleware/templates/rescues/diagnostics.erb within rescues/layout (9.7ms)


Started GET "/player" for 127.0.0.1 at 2014-05-31 18:29:36 -0700

ActionController::RoutingError (No route matches [GET] "/player"):
  actionpack (4.1.1) lib/action_dispatch/middleware/debug_exceptions.rb:21:in `call'
  actionpack (4.1.1) lib/action_dispatch/middleware/show_exceptions.rb:30:in `call'
  railties (4.1.1) lib/rails/rack/logger.rb:38:in `call_app'
  railties (4.1.1) lib/rails/rack/logger.rb:20:in `block in call'
  activesupport (4.1.1) lib/active_support/tagged_logging.rb:68:in `block in tagged'
  activesupport (4.1.1) lib/active_support/tagged_logging.rb:26:in `tagged'
  activesupport (4.1.1) lib/active_support/tagged_logging.rb:68:in `tagged'
  railties (4.1.1) lib/rails/rack/logger.rb:20:in `call'
  actionpack (4.1.1) lib/action_dispatch/middleware/request_id.rb:21:in `call'
  rack (1.5.2) lib/rack/methodoverride.rb:21:in `call'
  rack (1.5.2) lib/rack/runtime.rb:17:in `call'
  activesupport (4.1.1) lib/active_support/cache/strategy/local_cache_middleware.rb:26:in `call'
  rack (1.5.2) lib/rack/lock.rb:17:in `call'
  actionpack (4.1.1) lib/action_dispatch/middleware/static.rb:64:in `call'
  rack (1.5.2) lib/rack/sendfile.rb:112:in `call'
  railties (4.1.1) lib/rails/engine.rb:514:in `call'
  railties (4.1.1) lib/rails/application.rb:144:in `call'
  rack (1.5.2) lib/rack/lock.rb:17:in `call'
  rack (1.5.2) lib/rack/content_length.rb:14:in `call'
  rack (1.5.2) lib/rack/handler/webrick.rb:60:in `service'
  /home/jeph/.rvm/rubies/ruby-2.1.1/lib/ruby/2.1.0/webrick/httpserver.rb:138:in `service'
  /home/jeph/.rvm/rubies/ruby-2.1.1/lib/ruby/2.1.0/webrick/httpserver.rb:94:in `run'
  /home/jeph/.rvm/rubies/ruby-2.1.1/lib/ruby/2.1.0/webrick/server.rb:295:in `block in start_thread'


  Rendered /home/jeph/.rvm/gems/ruby-2.1.1@dota2/gems/actionpack-4.1.1/lib/action_dispatch/middleware/templates/rescues/_trace.html.erb (0.7ms)
  Rendered /home/jeph/.rvm/gems/ruby-2.1.1@dota2/gems/actionpack-4.1.1/lib/action_dispatch/middleware/templates/routes/_route.html.erb (0.6ms)
  Rendered /home/jeph/.rvm/gems/ruby-2.1.1@dota2/gems/actionpack-4.1.1/lib/action_dispatch/middleware/templates/routes/_table.html.erb (4.0ms)
  Rendered /home/jeph/.rvm/gems/ruby-2.1.1@dota2/gems/actionpack-4.1.1/lib/action_dispatch/middleware/templates/rescues/routing_error.html.erb within rescues/layout (14.1ms)


Started GET "/player/overview" for 127.0.0.1 at 2014-05-31 18:29:44 -0700
Processing by PlayerController#overview as HTML
  Parameters: {"player_id"=>"overview"}
  Rendered player/overview.html.erb within layouts/application (11.7ms)
Completed 200 OK in 391ms (Views: 32.5ms | ActiveRecord: 0.0ms)


Started GET "/assets/matches.css?body=1" for 127.0.0.1 at 2014-05-31 18:29:45 -0700


Started GET "/assets/player.css?body=1" for 127.0.0.1 at 2014-05-31 18:29:45 -0700


Started GET "/assets/jquery_ujs.js?body=1" for 127.0.0.1 at 2014-05-31 18:29:45 -0700


Started GET "/assets/application.css?body=1" for 127.0.0.1 at 2014-05-31 18:29:45 -0700


Started GET "/assets/turbolinks.js?body=1" for 127.0.0.1 at 2014-05-31 18:29:45 -0700


Started GET "/assets/jquery.js?body=1" for 127.0.0.1 at 2014-05-31 18:29:45 -0700


Started GET "/assets/matches.js?body=1" for 127.0.0.1 at 2014-05-31 18:29:45 -0700


Started GET "/assets/player.js?body=1" for 127.0.0.1 at 2014-05-31 18:29:45 -0700


Started GET "/assets/application.js?body=1" for 127.0.0.1 at 2014-05-31 18:29:45 -0700


Started GET "/player/overview" for 127.0.0.1 at 2014-05-31 18:34:18 -0700
Processing by PlayerController#overview as HTML
  Parameters: {"player_id"=>"overview"}
  Rendered player/overview.html.erb within layouts/application (4.2ms)
Completed 200 OK in 370ms (Views: 26.2ms | ActiveRecord: 0.0ms)


Started GET "/assets/application.css?body=1" for 127.0.0.1 at 2014-05-31 18:34:18 -0700


Started GET "/assets/jquery_ujs.js?body=1" for 127.0.0.1 at 2014-05-31 18:34:18 -0700


Started GET "/assets/jquery.js?body=1" for 127.0.0.1 at 2014-05-31 18:34:18 -0700


Started GET "/assets/player.css?body=1" for 127.0.0.1 at 2014-05-31 18:34:18 -0700


Started GET "/assets/matches.css?body=1" for 127.0.0.1 at 2014-05-31 18:34:18 -0700


Started GET "/assets/turbolinks.js?body=1" for 127.0.0.1 at 2014-05-31 18:34:18 -0700


Started GET "/assets/matches.js?body=1" for 127.0.0.1 at 2014-05-31 18:34:18 -0700


Started GET "/assets/player.js?body=1" for 127.0.0.1 at 2014-05-31 18:34:18 -0700


Started GET "/assets/application.js?body=1" for 127.0.0.1 at 2014-05-31 18:34:18 -0700


Started GET "/player/overview" for 127.0.0.1 at 2014-05-31 18:34:47 -0700
Processing by PlayerController#overview as HTML
  Parameters: {"player_id"=>"overview"}
  Rendered player/overview.html.erb within layouts/application (2.9ms)
Completed 200 OK in 341ms (Views: 7.7ms | ActiveRecord: 0.0ms)


Started GET "/assets/matches.css?body=1" for 127.0.0.1 at 2014-05-31 18:34:48 -0700


Started GET "/assets/jquery_ujs.js?body=1" for 127.0.0.1 at 2014-05-31 18:34:48 -0700


Started GET "/assets/turbolinks.js?body=1" for 127.0.0.1 at 2014-05-31 18:34:48 -0700


Started GET "/assets/matches.js?body=1" for 127.0.0.1 at 2014-05-31 18:34:48 -0700


Started GET "/assets/application.css?body=1" for 127.0.0.1 at 2014-05-31 18:34:48 -0700


Started GET "/assets/player.css?body=1" for 127.0.0.1 at 2014-05-31 18:34:48 -0700


Started GET "/assets/jquery.js?body=1" for 127.0.0.1 at 2014-05-31 18:34:48 -0700


Started GET "/assets/player.js?body=1" for 127.0.0.1 at 2014-05-31 18:34:48 -0700


Started GET "/assets/application.js?body=1" for 127.0.0.1 at 2014-05-31 18:34:48 -0700


Started GET "/player/overview?player_id=76561197993409962" for 127.0.0.1 at 2014-05-31 18:35:33 -0700
Processing by PlayerController#overview as HTML
  Parameters: {"player_id"=>"overview"}
  Rendered player/overview.html.erb within layouts/application (2.0ms)
Completed 200 OK in 348ms (Views: 5.8ms | ActiveRecord: 0.0ms)


Started GET "/assets/matches.css?body=1" for 127.0.0.1 at 2014-05-31 18:35:33 -0700


Started GET "/assets/application.css?body=1" for 127.0.0.1 at 2014-05-31 18:35:33 -0700


Started GET "/assets/jquery_ujs.js?body=1" for 127.0.0.1 at 2014-05-31 18:35:33 -0700


Started GET "/assets/turbolinks.js?body=1" for 127.0.0.1 at 2014-05-31 18:35:33 -0700


Started GET "/assets/player.css?body=1" for 127.0.0.1 at 2014-05-31 18:35:33 -0700


Started GET "/assets/jquery.js?body=1" for 127.0.0.1 at 2014-05-31 18:35:33 -0700


Started GET "/assets/player.js?body=1" for 127.0.0.1 at 2014-05-31 18:35:33 -0700


Started GET "/assets/matches.js?body=1" for 127.0.0.1 at 2014-05-31 18:35:33 -0700


Started GET "/assets/application.js?body=1" for 127.0.0.1 at 2014-05-31 18:35:33 -0700


Started GET "/player/overview?player_id=76561197993409962" for 127.0.0.1 at 2014-05-31 18:36:07 -0700
Processing by PlayerController#overview as HTML
  Parameters: {"player_id"=>"overview"}
  Rendered player/overview.html.erb within layouts/application (5.9ms)
Completed 200 OK in 364ms (Views: 10.5ms | ActiveRecord: 0.0ms)


Started GET "/assets/matches.css?body=1" for 127.0.0.1 at 2014-05-31 18:36:08 -0700


Started GET "/assets/jquery.js?body=1" for 127.0.0.1 at 2014-05-31 18:36:08 -0700


Started GET "/assets/jquery_ujs.js?body=1" for 127.0.0.1 at 2014-05-31 18:36:08 -0700


Started GET "/assets/application.css?body=1" for 127.0.0.1 at 2014-05-31 18:36:08 -0700


Started GET "/assets/turbolinks.js?body=1" for 127.0.0.1 at 2014-05-31 18:36:08 -0700


Started GET "/assets/player.css?body=1" for 127.0.0.1 at 2014-05-31 18:36:08 -0700


Started GET "/assets/matches.js?body=1" for 127.0.0.1 at 2014-05-31 18:36:08 -0700


Started GET "/assets/application.js?body=1" for 127.0.0.1 at 2014-05-31 18:36:08 -0700


Started GET "/assets/player.js?body=1" for 127.0.0.1 at 2014-05-31 18:36:08 -0700


Started GET "/player/overview?player_id=76561197993409962" for 127.0.0.1 at 2014-05-31 18:37:20 -0700
Processing by PlayerController#overview as HTML
  Parameters: {"player_id"=>"overview"}
  Rendered player/overview.html.erb within layouts/application (2.2ms)
Completed 200 OK in 348ms (Views: 8.1ms | ActiveRecord: 0.0ms)


Started GET "/assets/matches.css?body=1" for 127.0.0.1 at 2014-05-31 18:37:20 -0700


Started GET "/assets/player.css?body=1" for 127.0.0.1 at 2014-05-31 18:37:20 -0700


Started GET "/assets/jquery_ujs.js?body=1" for 127.0.0.1 at 2014-05-31 18:37:20 -0700


Started GET "/assets/application.css?body=1" for 127.0.0.1 at 2014-05-31 18:37:20 -0700


Started GET "/assets/jquery.js?body=1" for 127.0.0.1 at 2014-05-31 18:37:20 -0700


Started GET "/assets/turbolinks.js?body=1" for 127.0.0.1 at 2014-05-31 18:37:20 -0700


Started GET "/assets/matches.js?body=1" for 127.0.0.1 at 2014-05-31 18:37:20 -0700


Started GET "/assets/application.js?body=1" for 127.0.0.1 at 2014-05-31 18:37:20 -0700


Started GET "/assets/player.js?body=1" for 127.0.0.1 at 2014-05-31 18:37:20 -0700


Started GET "/player/overview?player_id=76561197993409962" for 127.0.0.1 at 2014-05-31 18:37:22 -0700
Processing by PlayerController#overview as HTML
  Parameters: {"player_id"=>"overview"}
  Rendered player/overview.html.erb within layouts/application (0.3ms)
Completed 200 OK in 399ms (Views: 3.2ms | ActiveRecord: 0.0ms)


Started GET "/assets/turbolinks.js?body=1" for 127.0.0.1 at 2014-05-31 18:37:22 -0700


Started GET "/assets/player.css?body=1" for 127.0.0.1 at 2014-05-31 18:37:22 -0700


Started GET "/assets/matches.js?body=1" for 127.0.0.1 at 2014-05-31 18:37:22 -0700


Started GET "/assets/player.js?body=1" for 127.0.0.1 at 2014-05-31 18:37:22 -0700


Started GET "/assets/application.js?body=1" for 127.0.0.1 at 2014-05-31 18:37:22 -0700


Started GET "/assets/jquery_ujs.js?body=1" for 127.0.0.1 at 2014-05-31 18:37:22 -0700


Started GET "/assets/jquery.js?body=1" for 127.0.0.1 at 2014-05-31 18:37:22 -0700


Started GET "/assets/application.css?body=1" for 127.0.0.1 at 2014-05-31 18:37:22 -0700


Started GET "/assets/matches.css?body=1" for 127.0.0.1 at 2014-05-31 18:37:22 -0700


Started GET "/player/overview?player_id=76561197993409962" for 127.0.0.1 at 2014-05-31 18:37:59 -0700
Processing by PlayerController#overview as HTML
  Parameters: {"player_id"=>"overview"}
  Rendered player/overview.html.erb within layouts/application (0.7ms)
Completed 200 OK in 321ms (Views: 3.7ms | ActiveRecord: 0.0ms)


Started GET "/assets/matches.css?body=1" for 127.0.0.1 at 2014-05-31 18:38:00 -0700


Started GET "/assets/player.css?body=1" for 127.0.0.1 at 2014-05-31 18:38:00 -0700


Started GET "/assets/jquery_ujs.js?body=1" for 127.0.0.1 at 2014-05-31 18:38:00 -0700


Started GET "/assets/jquery.js?body=1" for 127.0.0.1 at 2014-05-31 18:38:00 -0700


Started GET "/assets/application.css?body=1" for 127.0.0.1 at 2014-05-31 18:38:00 -0700


Started GET "/assets/player.js?body=1" for 127.0.0.1 at 2014-05-31 18:38:00 -0700


Started GET "/assets/matches.js?body=1" for 127.0.0.1 at 2014-05-31 18:38:00 -0700


Started GET "/assets/turbolinks.js?body=1" for 127.0.0.1 at 2014-05-31 18:38:00 -0700


Started GET "/assets/application.js?body=1" for 127.0.0.1 at 2014-05-31 18:38:00 -0700


Started GET "/player/overview?player_id=76561197993409962" for 127.0.0.1 at 2014-05-31 18:39:03 -0700
Processing by PlayerController#overview as HTML
  Parameters: {"player_id"=>"overview"}
  Rendered player/overview.html.erb within layouts/application (0.8ms)
Completed 200 OK in 338ms (Views: 3.9ms | ActiveRecord: 0.0ms)


Started GET "/assets/player.css?body=1" for 127.0.0.1 at 2014-05-31 18:39:03 -0700


Started GET "/assets/matches.css?body=1" for 127.0.0.1 at 2014-05-31 18:39:03 -0700


Started GET "/assets/jquery_ujs.js?body=1" for 127.0.0.1 at 2014-05-31 18:39:03 -0700


Started GET "/assets/application.css?body=1" for 127.0.0.1 at 2014-05-31 18:39:03 -0700


Started GET "/assets/matches.js?body=1" for 127.0.0.1 at 2014-05-31 18:39:03 -0700


Started GET "/assets/turbolinks.js?body=1" for 127.0.0.1 at 2014-05-31 18:39:03 -0700


Started GET "/assets/player.js?body=1" for 127.0.0.1 at 2014-05-31 18:39:03 -0700


Started GET "/assets/jquery.js?body=1" for 127.0.0.1 at 2014-05-31 18:39:03 -0700


Started GET "/assets/application.js?body=1" for 127.0.0.1 at 2014-05-31 18:39:03 -0700


Started GET "/player/overview?player_id=76561197993409962" for 127.0.0.1 at 2014-05-31 18:39:19 -0700
Processing by PlayerController#overview as HTML
  Parameters: {"player_id"=>"overview"}
  Rendered player/overview.html.erb within layouts/application (2.6ms)
Completed 200 OK in 384ms (Views: 5.4ms | ActiveRecord: 0.0ms)


Started GET "/assets/matches.css?body=1" for 127.0.0.1 at 2014-05-31 18:39:19 -0700


Started GET "/assets/player.css?body=1" for 127.0.0.1 at 2014-05-31 18:39:19 -0700


Started GET "/assets/jquery.js?body=1" for 127.0.0.1 at 2014-05-31 18:39:19 -0700


Started GET "/assets/turbolinks.js?body=1" for 127.0.0.1 at 2014-05-31 18:39:19 -0700


Started GET "/assets/application.css?body=1" for 127.0.0.1 at 2014-05-31 18:39:19 -0700


Started GET "/assets/jquery_ujs.js?body=1" for 127.0.0.1 at 2014-05-31 18:39:19 -0700


Started GET "/assets/matches.js?body=1" for 127.0.0.1 at 2014-05-31 18:39:19 -0700


Started GET "/assets/player.js?body=1" for 127.0.0.1 at 2014-05-31 18:39:19 -0700


Started GET "/assets/application.js?body=1" for 127.0.0.1 at 2014-05-31 18:39:19 -0700


Started GET "/player/overview?player_id=76561197993409962" for 127.0.0.1 at 2014-05-31 18:39:35 -0700
Processing by PlayerController#overview as HTML
  Parameters: {"player_id"=>"overview"}
  Rendered player/overview.html.erb within layouts/application (8.5ms)
Completed 200 OK in 456ms (Views: 13.6ms | ActiveRecord: 0.0ms)


Started GET "/assets/matches.css?body=1" for 127.0.0.1 at 2014-05-31 18:39:35 -0700


Started GET "/assets/jquery.js?body=1" for 127.0.0.1 at 2014-05-31 18:39:35 -0700


Started GET "/assets/application.css?body=1" for 127.0.0.1 at 2014-05-31 18:39:35 -0700


Started GET "/assets/turbolinks.js?body=1" for 127.0.0.1 at 2014-05-31 18:39:35 -0700


Started GET "/assets/player.css?body=1" for 127.0.0.1 at 2014-05-31 18:39:35 -0700


Started GET "/assets/jquery_ujs.js?body=1" for 127.0.0.1 at 2014-05-31 18:39:35 -0700


Started GET "/assets/matches.js?body=1" for 127.0.0.1 at 2014-05-31 18:39:35 -0700


Started GET "/assets/player.js?body=1" for 127.0.0.1 at 2014-05-31 18:39:35 -0700


Started GET "/assets/application.js?body=1" for 127.0.0.1 at 2014-05-31 18:39:35 -0700


Started GET "/player/overview?player_id=76561197993409962" for 127.0.0.1 at 2014-05-31 18:39:50 -0700
Processing by PlayerController#overview as HTML
  Parameters: {"player_id"=>"overview"}
  Rendered player/overview.html.erb within layouts/application (3.6ms)
Completed 200 OK in 377ms (Views: 10.4ms | ActiveRecord: 0.0ms)


Started GET "/assets/matches.css?body=1" for 127.0.0.1 at 2014-05-31 18:39:50 -0700


Started GET "/assets/turbolinks.js?body=1" for 127.0.0.1 at 2014-05-31 18:39:50 -0700


Started GET "/assets/application.css?body=1" for 127.0.0.1 at 2014-05-31 18:39:50 -0700


Started GET "/assets/player.css?body=1" for 127.0.0.1 at 2014-05-31 18:39:50 -0700


Started GET "/assets/jquery.js?body=1" for 127.0.0.1 at 2014-05-31 18:39:50 -0700


Started GET "/assets/jquery_ujs.js?body=1" for 127.0.0.1 at 2014-05-31 18:39:50 -0700


Started GET "/assets/matches.js?body=1" for 127.0.0.1 at 2014-05-31 18:39:50 -0700


Started GET "/assets/player.js?body=1" for 127.0.0.1 at 2014-05-31 18:39:50 -0700


Started GET "/assets/application.js?body=1" for 127.0.0.1 at 2014-05-31 18:39:50 -0700
